Flow report for trabalhofinal
<<<<<<< HEAD
Thu Dec 07 19:46:32 2023
=======
Wed Dec 06 18:53:32 2023
>>>>>>> main
Quartus II 64-Bit Version 13.1.0 Build 162 10/23/2013 SJ Web Edition


---------------------
; Table of Contents ;
---------------------
  1. Legal Notice
  2. Flow Summary
  3. Flow Settings
  4. Flow Non-Default Global Settings
  5. Flow Elapsed Time
  6. Flow OS Summary
  7. Flow Log
  8. Flow Messages
  9. Flow Suppressed Messages



----------------
; Legal Notice ;
----------------
Copyright (C) 1991-2013 Altera Corporation
Your use of Altera Corporation's design tools, logic functions 
and other software and tools, and its AMPP partner logic 
functions, and any output files from any of the foregoing 
(including device programming or simulation files), and any 
associated documentation or information are expressly subject 
to the terms and conditions of the Altera Program License 
Subscription Agreement, Altera MegaCore Function License 
Agreement, or other applicable license agreement, including, 
without limitation, that your use is for the sole purpose of 
programming logic devices manufactured by Altera and sold by 
Altera or its authorized distributors.  Please refer to the 
applicable agreement for further details.



+---------------------------------------------------------------------------------+
; Flow Summary                                                                    ;
+------------------------------------+--------------------------------------------+
<<<<<<< HEAD
; Flow Status                        ; Successful - Thu Dec 07 19:46:32 2023      ;
=======
; Flow Status                        ; Successful - Wed Dec 06 18:53:32 2023      ;
>>>>>>> main
; Quartus II 64-Bit Version          ; 13.1.0 Build 162 10/23/2013 SJ Web Edition ;
; Revision Name                      ; trabalhofinal                              ;
; Top-level Entity Name              ; casca                                      ;
; Family                             ; Cyclone III                                ;
; Device                             ; EP3C16F484C6                               ;
; Timing Models                      ; Final                                      ;
<<<<<<< HEAD
; Total logic elements               ; 834 / 15,408 ( 5 % )                       ;
;     Total combinational functions  ; 806 / 15,408 ( 5 % )                       ;
;     Dedicated logic registers      ; 465 / 15,408 ( 3 % )                       ;
; Total registers                    ; 465                                        ;
; Total pins                         ; 28 / 347 ( 8 % )                           ;
; Total virtual pins                 ; 0                                          ;
; Total memory bits                  ; 14,336 / 516,096 ( 3 % )                   ;
=======
; Total logic elements               ; 1,571 / 15,408 ( 10 % )                    ;
;     Total combinational functions  ; 1,320 / 15,408 ( 9 % )                     ;
;     Dedicated logic registers      ; 1,067 / 15,408 ( 7 % )                     ;
; Total registers                    ; 1067                                       ;
; Total pins                         ; 21 / 347 ( 6 % )                           ;
; Total virtual pins                 ; 0                                          ;
; Total memory bits                  ; 63,488 / 516,096 ( 12 % )                  ;
>>>>>>> main
; Embedded Multiplier 9-bit elements ; 0 / 112 ( 0 % )                            ;
; Total PLLs                         ; 1 / 4 ( 25 % )                             ;
+------------------------------------+--------------------------------------------+


+-----------------------------------------+
; Flow Settings                           ;
+-------------------+---------------------+
; Option            ; Setting             ;
+-------------------+---------------------+
<<<<<<< HEAD
; Start date & time ; 12/07/2023 19:46:18 ;
=======
; Start date & time ; 12/06/2023 18:53:11 ;
>>>>>>> main
; Main task         ; Compilation         ;
; Revision Name     ; trabalhofinal       ;
+-------------------+---------------------+


<<<<<<< HEAD
+----------------------------------------------------------------------------------------------------------------------------+
; Flow Non-Default Global Settings                                                                                           ;
+-------------------------------------+---------------------------------------+---------------+-------------+----------------+
; Assignment Name                     ; Value                                 ; Default Value ; Entity Name ; Section Id     ;
+-------------------------------------+---------------------------------------+---------------+-------------+----------------+
; COMPILER_SIGNATURE_ID               ; 5218839082140.170198917834068         ; --            ; --          ; --             ;
; EDA_OUTPUT_DATA_FORMAT              ; Verilog Hdl                           ; --            ; --          ; eda_simulation ;
; EDA_SIMULATION_TOOL                 ; ModelSim-Altera (Verilog)             ; <None>        ; --          ; --             ;
; IP_TOOL_NAME                        ; ALTPLL                                ; --            ; --          ; --             ;
; IP_TOOL_VERSION                     ; 13.1                                  ; --            ; --          ; --             ;
; MAX_CORE_JUNCTION_TEMP              ; 85                                    ; --            ; --          ; --             ;
; MIN_CORE_JUNCTION_TEMP              ; 0                                     ; --            ; --          ; --             ;
; MISC_FILE                           ; pllcanhao_inst.v                      ; --            ; --          ; --             ;
; MISC_FILE                           ; pllcanhao_bb.v                        ; --            ; --          ; --             ;
; MISC_FILE                           ; pllcanhao.ppf                         ; --            ; --          ; --             ;
; NOMINAL_CORE_SUPPLY_VOLTAGE         ; 1.2V                                  ; --            ; --          ; --             ;
; PARTITION_COLOR                     ; 16764057                              ; --            ; casca       ; Top            ;
; PARTITION_FITTER_PRESERVATION_LEVEL ; PLACEMENT_AND_ROUTING                 ; --            ; casca       ; Top            ;
; PARTITION_NETLIST_TYPE              ; SOURCE                                ; --            ; casca       ; Top            ;
; POWER_BOARD_THERMAL_MODEL           ; None (CONSERVATIVE)                   ; --            ; --          ; --             ;
; POWER_PRESET_COOLING_SOLUTION       ; 23 MM HEAT SINK WITH 200 LFPM AIRFLOW ; --            ; --          ; --             ;
; PROJECT_OUTPUT_DIRECTORY            ; output_files                          ; --            ; --          ; --             ;
; TOP_LEVEL_ENTITY                    ; casca                                 ; trabalhofinal ; --          ; --             ;
+-------------------------------------+---------------------------------------+---------------+-------------+----------------+
=======
+------------------------------------------------------------------------------------------------------------------------------------------------------------------------+
; Flow Non-Default Global Settings                                                                                                                                       ;
+-------------------------------------+---------------------------------------------------------------------------------+---------------+-------------+------------------+
; Assignment Name                     ; Value                                                                           ; Default Value ; Entity Name ; Section Id       ;
+-------------------------------------+---------------------------------------------------------------------------------+---------------+-------------+------------------+
; COMPILER_SIGNATURE_ID               ; 238368719015696.170189959111660                                                 ; --            ; --          ; --               ;
; EDA_OUTPUT_DATA_FORMAT              ; Verilog Hdl                                                                     ; --            ; --          ; eda_simulation   ;
; EDA_SIMULATION_TOOL                 ; ModelSim-Altera (Verilog)                                                       ; <None>        ; --          ; --               ;
; ENABLE_SIGNALTAP                    ; On                                                                              ; --            ; --          ; --               ;
; IP_TOOL_NAME                        ; ALTPLL                                                                          ; --            ; --          ; --               ;
; IP_TOOL_VERSION                     ; 13.1                                                                            ; --            ; --          ; --               ;
; MAX_CORE_JUNCTION_TEMP              ; 85                                                                              ; --            ; --          ; --               ;
; MIN_CORE_JUNCTION_TEMP              ; 0                                                                               ; --            ; --          ; --               ;
; MISC_FILE                           ; pllcanhao_inst.v                                                                ; --            ; --          ; --               ;
; MISC_FILE                           ; pllcanhao_bb.v                                                                  ; --            ; --          ; --               ;
; MISC_FILE                           ; pllcanhao.ppf                                                                   ; --            ; --          ; --               ;
; NOMINAL_CORE_SUPPLY_VOLTAGE         ; 1.2V                                                                            ; --            ; --          ; --               ;
; PARTITION_COLOR                     ; 16764057                                                                        ; --            ; casca       ; Top              ;
; PARTITION_FITTER_PRESERVATION_LEVEL ; PLACEMENT_AND_ROUTING                                                           ; --            ; casca       ; Top              ;
; PARTITION_NETLIST_TYPE              ; SOURCE                                                                          ; --            ; casca       ; Top              ;
; PROJECT_OUTPUT_DIRECTORY            ; output_files                                                                    ; --            ; --          ; --               ;
; SLD_FILE                            ; db/stp1_auto_stripped.stp                                                       ; --            ; --          ; --               ;
; SLD_NODE_CREATOR_ID                 ; 110                                                                             ; --            ; --          ; auto_signaltap_0 ;
; SLD_NODE_ENTITY_NAME                ; sld_signaltap                                                                   ; --            ; --          ; auto_signaltap_0 ;
; SLD_NODE_PARAMETER_ASSIGNMENT       ; SLD_RAM_BLOCK_TYPE=AUTO                                                         ; --            ; --          ; auto_signaltap_0 ;
; SLD_NODE_PARAMETER_ASSIGNMENT       ; SLD_NODE_INFO=805334528                                                         ; --            ; --          ; auto_signaltap_0 ;
; SLD_NODE_PARAMETER_ASSIGNMENT       ; SLD_POWER_UP_TRIGGER=0                                                          ; --            ; --          ; auto_signaltap_0 ;
; SLD_NODE_PARAMETER_ASSIGNMENT       ; SLD_INVERSION_MASK=00000000000000000000000000                                   ; --            ; --          ; auto_signaltap_0 ;
; SLD_NODE_PARAMETER_ASSIGNMENT       ; SLD_INVERSION_MASK_LENGTH=26                                                    ; --            ; --          ; auto_signaltap_0 ;
; SLD_NODE_PARAMETER_ASSIGNMENT       ; SLD_STORAGE_QUALIFIER_INVERSION_MASK_LENGTH=0                                   ; --            ; --          ; auto_signaltap_0 ;
; SLD_NODE_PARAMETER_ASSIGNMENT       ; SLD_SEGMENT_SIZE=4096                                                           ; --            ; --          ; auto_signaltap_0 ;
; SLD_NODE_PARAMETER_ASSIGNMENT       ; SLD_ATTRIBUTE_MEM_MODE=OFF                                                      ; --            ; --          ; auto_signaltap_0 ;
; SLD_NODE_PARAMETER_ASSIGNMENT       ; SLD_STATE_FLOW_USE_GENERATED=0                                                  ; --            ; --          ; auto_signaltap_0 ;
; SLD_NODE_PARAMETER_ASSIGNMENT       ; SLD_STATE_BITS=11                                                               ; --            ; --          ; auto_signaltap_0 ;
; SLD_NODE_PARAMETER_ASSIGNMENT       ; SLD_BUFFER_FULL_STOP=1                                                          ; --            ; --          ; auto_signaltap_0 ;
; SLD_NODE_PARAMETER_ASSIGNMENT       ; SLD_CURRENT_RESOURCE_WIDTH=1                                                    ; --            ; --          ; auto_signaltap_0 ;
; SLD_NODE_PARAMETER_ASSIGNMENT       ; SLD_TRIGGER_LEVEL=1                                                             ; --            ; --          ; auto_signaltap_0 ;
; SLD_NODE_PARAMETER_ASSIGNMENT       ; SLD_SAMPLE_DEPTH=4096                                                           ; --            ; --          ; auto_signaltap_0 ;
; SLD_NODE_PARAMETER_ASSIGNMENT       ; SLD_TRIGGER_IN_ENABLED=0                                                        ; --            ; --          ; auto_signaltap_0 ;
; SLD_NODE_PARAMETER_ASSIGNMENT       ; SLD_TRIGGER_LEVEL_PIPELINE=1                                                    ; --            ; --          ; auto_signaltap_0 ;
; SLD_NODE_PARAMETER_ASSIGNMENT       ; SLD_ENABLE_ADVANCED_TRIGGER=1                                                   ; --            ; --          ; auto_signaltap_0 ;
; SLD_NODE_PARAMETER_ASSIGNMENT       ; SLD_DATA_BITS=12                                                                ; --            ; --          ; auto_signaltap_0 ;
; SLD_NODE_PARAMETER_ASSIGNMENT       ; SLD_TRIGGER_BITS=12                                                             ; --            ; --          ; auto_signaltap_0 ;
; SLD_NODE_PARAMETER_ASSIGNMENT       ; SLD_NODE_CRC_LOWORD=50566                                                       ; --            ; --          ; auto_signaltap_0 ;
; SLD_NODE_PARAMETER_ASSIGNMENT       ; SLD_NODE_CRC_HIWORD=15896                                                       ; --            ; --          ; auto_signaltap_0 ;
; SLD_NODE_PARAMETER_ASSIGNMENT       ; SLD_ADVANCED_TRIGGER_ENTITY=sld_reserved_trabalhofinal_auto_signaltap_0_1_8357, ; --            ; --          ; auto_signaltap_0 ;
; TOP_LEVEL_ENTITY                    ; casca                                                                           ; trabalhofinal ; --          ; --               ;
; USE_SIGNALTAP_FILE                  ; output_files/stp1.stp                                                           ; --            ; --          ; --               ;
+-------------------------------------+---------------------------------------------------------------------------------+---------------+-------------+------------------+
>>>>>>> main


+-------------------------------------------------------------------------------------------------------------------------------+
; Flow Elapsed Time                                                                                                             ;
+---------------------------+--------------+-------------------------+---------------------+------------------------------------+
; Module Name               ; Elapsed Time ; Average Processors Used ; Peak Virtual Memory ; Total CPU Time (on all processors) ;
+---------------------------+--------------+-------------------------+---------------------+------------------------------------+
<<<<<<< HEAD
; Analysis & Synthesis      ; 00:00:02     ; 1.0                     ; 4733 MB             ; 00:00:01                           ;
; Fitter                    ; 00:00:05     ; 3.8                     ; 5801 MB             ; 00:00:02                           ;
; Assembler                 ; 00:00:01     ; 1.0                     ; 4603 MB             ; 00:00:00                           ;
; TimeQuest Timing Analyzer ; 00:00:01     ; 1.0                     ; 4782 MB             ; 00:00:00                           ;
; EDA Netlist Writer        ; 00:00:01     ; 1.0                     ; 4565 MB             ; 00:00:00                           ;
; Total                     ; 00:00:10     ; --                      ; --                  ; 00:00:03                           ;
=======
; Analysis & Synthesis      ; 00:00:06     ; 1.0                     ; 4736 MB             ; 00:00:03                           ;
; Fitter                    ; 00:00:07     ; 2.0                     ; 5386 MB             ; 00:00:03                           ;
; Assembler                 ; 00:00:01     ; 1.0                     ; 4593 MB             ; 00:00:01                           ;
; TimeQuest Timing Analyzer ; 00:00:02     ; 1.0                     ; 4701 MB             ; 00:00:01                           ;
; EDA Netlist Writer        ; 00:00:01     ; 1.0                     ; 4573 MB             ; 00:00:01                           ;
; Total                     ; 00:00:17     ; --                      ; --                  ; 00:00:09                           ;
>>>>>>> main
+---------------------------+--------------+-------------------------+---------------------+------------------------------------+


+----------------------------------------------------------------------------------------+
; Flow OS Summary                                                                        ;
+---------------------------+------------------+-----------+------------+----------------+
; Module Name               ; Machine Hostname ; OS Name   ; OS Version ; Processor type ;
+---------------------------+------------------+-----------+------------+----------------+
<<<<<<< HEAD
; Analysis & Synthesis      ; windowstheusg15  ; Windows 7 ; 6.2        ; x86_64         ;
; Fitter                    ; windowstheusg15  ; Windows 7 ; 6.2        ; x86_64         ;
; Assembler                 ; windowstheusg15  ; Windows 7 ; 6.2        ; x86_64         ;
; TimeQuest Timing Analyzer ; windowstheusg15  ; Windows 7 ; 6.2        ; x86_64         ;
; EDA Netlist Writer        ; windowstheusg15  ; Windows 7 ; 6.2        ; x86_64         ;
=======
; Analysis & Synthesis      ; TORANJAMECANICA  ; Windows 7 ; 6.2        ; x86_64         ;
; Fitter                    ; TORANJAMECANICA  ; Windows 7 ; 6.2        ; x86_64         ;
; Assembler                 ; TORANJAMECANICA  ; Windows 7 ; 6.2        ; x86_64         ;
; TimeQuest Timing Analyzer ; TORANJAMECANICA  ; Windows 7 ; 6.2        ; x86_64         ;
; EDA Netlist Writer        ; TORANJAMECANICA  ; Windows 7 ; 6.2        ; x86_64         ;
>>>>>>> main
+---------------------------+------------------+-----------+------------+----------------+


------------
; Flow Log ;
------------
quartus_map --read_settings_files=on --write_settings_files=off trabalhofinal -c trabalhofinal
quartus_fit --read_settings_files=off --write_settings_files=off trabalhofinal -c trabalhofinal
quartus_asm --read_settings_files=off --write_settings_files=off trabalhofinal -c trabalhofinal
quartus_sta trabalhofinal -c trabalhofinal
quartus_eda --read_settings_files=off --write_settings_files=off trabalhofinal -c trabalhofinal



